Arguments: 
  C:\Program Files\nodejs\node.exe C:\Program Files\nodejs\node_global\node_modules\yarn\bin\yarn.js add bootstrap-vue

PATH: 
  C:\windows\system32;C:\windows;C:\windows\System32\Wbem;C:\windows\System32\WindowsPowerShell\v1.0\;C:\Program Files\nodejs;C:\Program Files\nodejs\node_global\node_modules\supervisor;D:\xampp\mysql\bin;C:\Program Files\nodejs\node_global\node_modules;C:\Program Files\nodejs\;C:\Users\Administrator\AppData\Local\Microsoft\WindowsApps;D:\Software location\Microsoft VS Code\bin;C:\Program Files\nodejs\node_global;D:\xampp\mysql\bin;C:\Users\Administrator\AppData\Roaming\npm

Yarn version: 
  1.19.1

Node version: 
  12.16.2

Platform: 
  win32 x64

Trace: 
  Error: ENOENT: no such file or directory, copyfile 'C:\Users\Administrator\AppData\Local\Yarn\Cache\v6\npm-ms-2.1.2-d09d1f357b443f493382a8eb3ccd183872ae6009-integrity\node_modules\ms\index.js' -> 'G:\project\staty\blog\blog1\blog3\markdown\node_modules\@babel\core\node_modules\ms\index.js'

npm manifest: 
  {
    "name": "blog",
    "version": "1.0.1",
    "description": "Nuxt.js blog",
    "author": "Wang Bingbing",
    "private": true,
    "scripts": {
      "dev": "nuxt",
      "build": "nuxt build",
      "start": "nuxt start",
      "generate": "nuxt generate"
    },
    "dependencies": {
      "@nuxtjs/axios": "^5.3.6",
      "cookie-universal-nuxt": "^2.1.4",
      "element-ui": "^2.14.0",
      "mavon-editor": "^2.9.0",
      "nuxt": "^2.0.0"
    },
    "devDependencies": {
      "@nuxtjs/proxy": "^2.0.1",
      "@nuxtjs/style-resources": "^1.0.0",
      "highlight.js": "^10.3.2",
      "marked": "^1.2.3",
      "node-sass": "^4.14.1",
      "sass-loader": "^10.0.4",
      "sass-resources-loader": "^2.1.1"
    }
  }

yarn manifest: 
  No manifest

Lockfile: 
  No lockfile
